[2026-03-14 17:25:24] LOGIN | user=admin
[2026-03-14 17:26:07] LOGIN | user=admin
[2026-03-14 17:33:28] LOGIN | user=admin
[2026-03-14 17:34:18] LOGIN | user=admin
[2026-03-14 17:38:38] LOGIN | user=admin
[2026-03-14 18:05:37] LOGIN | user=admin
[2026-03-16 00:24:17] LOGIN | user=admin | role=admin
[2026-03-16 12:05:58] LOGIN | user=admin | role=admin
[2026-03-16 12:06:13] EXIT | user=admin
[2026-03-16 12:22:04] LOGIN | user=admin | role=admin
[2026-03-16 12:49:51] LOGIN | user=admin | role=admin
[2026-03-16 12:58:28] LOGIN | user=admin | role=admin
[2026-03-16 13:35:53] EXIT | user=admin
[2026-03-16 13:41:24] LOGIN | user=admin | role=admin
[2026-03-16 14:00:47] LOGIN | user=admin | role=admin
[2026-03-16 14:01:50] LOGIN | user=admin | role=admin
[2026-03-16 14:08:45] EXIT | user=admin
[2026-03-16 14:08:51] LOGIN | user=admin | role=admin
[2026-03-16 14:09:29] LOGIN | user=admin | role=admin
[2026-03-16 14:09:57] EXIT | user=admin
[2026-03-16 14:43:25] EXIT | user=admin
[2026-03-16 15:02:12] LOGIN | user=admin | role=admin
[2026-03-16 15:14:53] EXIT | user=admin
[2026-03-21 11:30:50] LOGIN | user=admin | role=admin
[2026-03-21 11:30:56] EXIT | user=admin
[2026-03-22 21:03:36] LOGIN | user=admin | role=admin
[2026-03-22 21:16:51] LOGIN | user=admin | role=admin
[2026-03-22 21:33:51] COMMAND | user=unknown | label=Nmap → kruidvat.nl | cmd=nmap --script=vuln kruidvat.nl
[2026-03-22 21:34:06] COMMAND_SUCCESS | user=unknown | label=Nmap → kruidvat.nl
[2026-03-22 21:34:27] COMMAND | user=unknown | label=theHarvester → kruidvat.nl | cmd=bash -c theHarvester -d kruidvat.nl -b /mnt/c/Users/User/Desktop/TeamCyberOps_fixed/logs/kruidvat.nl/harvester -l 500 2>&1 || echo "[!] theHarvester not installed: pip3 install theHarvester"
[2026-03-22 21:34:29] COMMAND_SUCCESS | user=unknown | label=theHarvester → kruidvat.nl
[2026-03-22 21:40:08] COMMAND | user=unknown | label=Naabu → kruidvat.nl | cmd=naabu -host kruidvat.nl -silent -top-ports 1000
[2026-03-22 21:40:18] COMMAND_SUCCESS | user=unknown | label=Naabu → kruidvat.nl
[2026-03-22 21:54:46] COMMAND | user=unknown | label=Origin IP Mapper | cmd=bash -c echo "=== DNS ===" && dig +short A  && echo "=== Historical (SecurityTrails) ===" && curl -sk "https://securitytrails.com/domain//history/a" | grep -oE "([0-9]{1,3}\.?){4}" | sort -u && echo "
[2026-03-22 21:54:52] COMMAND | user=unknown | label=Stealth WAF Scan | cmd=bash -c wafw00f https:// 2>/dev/null || curl -sk -H "X-Forwarded-For: 127.0.0.1" https:/// -I | grep -i -E "server:|x-powered|via:|x-cache"
[2026-03-22 21:54:52] COMMAND_SUCCESS | user=unknown | label=Stealth WAF Scan
[2026-03-22 21:55:17] COMMAND_SUCCESS | user=unknown | label=Origin IP Mapper
[2026-03-22 23:09:48] LOGIN | user=admin | role=admin
[2026-03-22 23:10:31] COMMAND | user=unknown | label=Smart Nuclei → https://kruidvat.nl | cmd=nuclei -u https://kruidvat.nl -silent -no-color -t technologies/wordpress -t cves/wordpress -t technologies/spring -t vulnerabilities/wordpress -t cves/spring-framework -t exposures/actuators -t vulne
[2026-03-22 23:10:35] COMMAND_FAILED | user=unknown | label=Smart Nuclei → https://kruidvat.nl | exit_code=1
[2026-03-22 23:15:03] COMMAND | user=unknown | label=Dalfox → https://kruidvat.nl | cmd=bash -c dalfox url "https://kruidvat.nl" --skip-bav --only-poc r --silence 2>&1 || echo "[!] dalfox not installed: go install github.com/hahwul/dalfox/v2@latest"
[2026-03-22 23:15:21] COMMAND | user=unknown | label=Dalfox → https://kruidvat.nl/search?q= | cmd=bash -c dalfox url "https://kruidvat.nl/search?q=" --skip-bav --only-poc r --silence 2>&1 || echo "[!] dalfox not installed: go install github.com/hahwul/dalfox/v2@latest"
[2026-03-22 23:15:48] COMMAND | user=unknown | label=5a. Nuclei (critical/high) | cmd=bash -c nuclei -l /mnt/c/Users/User/Desktop/TeamCyberOps_fixed/logs/kruidvat.nl/kruidvat.nl_httpx.txt -t cves/ -t vulnerabilities/ -t misconfiguration/ -t exposures/ -severity high,critical -c 50 -sil
[2026-03-22 23:15:49] COMMAND_SUCCESS | user=unknown | label=5a. Nuclei (critical/high)
[2026-03-22 23:16:50] COMMAND_SUCCESS | user=unknown | label=Dalfox → https://kruidvat.nl/search?q=
[2026-03-22 23:17:45] COMMAND_SUCCESS | user=unknown | label=Dalfox → https://kruidvat.nl
[2026-03-22 23:20:45] LOGIN | user=admin | role=admin
[2026-03-22 23:21:52] COMMAND | user=unknown | label=Origin IP Mapper | cmd=bash -c echo "=== DNS ===" && dig +short A  && echo "=== Historical (SecurityTrails) ===" && curl -sk "https://securitytrails.com/domain//history/a" | grep -oE "([0-9]{1,3}\.?){4}" | sort -u && echo "
[2026-03-22 23:21:54] COMMAND_SUCCESS | user=unknown | label=Origin IP Mapper
[2026-03-22 23:23:59] LOGIN | user=admin | role=admin
