
[12:24:06] SKIP: nmap
[12:24:06] SKIP: masscan
[12:24:06] SKIP: nikto
[12:24:06] SKIP: sqlmap
[12:24:06] SKIP: gobuster
[12:24:06] SKIP: dirsearch
[12:24:06] SKIP: curl
[12:24:07] OK: dnsutils
[12:24:07] SKIP: openssl
[12:24:07] SKIP: wafw00f
[12:24:07] SKIP: openvpn
[12:24:07] SKIP: jq
[12:24:07] SKIP: git
[12:24:07] SKIP: python3
[12:24:09] OK: python3-pip
[12:24:09] SKIP: wget
[12:24:09] SKIP: whois
[12:24:09] SKIP: theHarvester
[12:24:09] SKIP: spyhunt
WARNING: Running pip as the 'root' user can result in broken permissions and conflicting behaviour with the system package manager, possibly rendering your system unusable. It is recommended to use a virtual environment instead: https://pip.pypa.io/warnings/venv. Use the --root-user-action option if you know what you are doing and want to suppress this warning.
[12:24:11] OK: psutil
WARNING: Running pip as the 'root' user can result in broken permissions and conflicting behaviour with the system package manager, possibly rendering your system unusable. It is recommended to use a virtual environment instead: https://pip.pypa.io/warnings/venv. Use the --root-user-action option if you know what you are doing and want to suppress this warning.
[12:24:12] OK: requests
[12:24:12] SKIP: subfinder
[12:24:12] SKIP: amass
[12:24:12] SKIP: assetfinder
[12:24:12] SKIP: dnsx
[12:24:12] SKIP: shuffledns
[12:24:12] SKIP: puredns
[12:24:12] SKIP: httpx
[12:24:12] SKIP: httprobe
[12:24:12] SKIP: katana
[12:24:12] SKIP: gau
[12:24:12] SKIP: waybackurls
[12:24:12] SKIP: hakrawler
go: downloading github.com/jaeles-project/gospider v1.1.6
go: downloading github.com/json-iterator/go v1.1.11
go: downloading github.com/spf13/cobra v1.1.3
go: downloading github.com/gocolly/colly/v2 v2.1.0
go: downloading github.com/gocolly/colly v1.2.0
go: downloading github.com/oxffaa/gopher-parse-sitemap v0.0.0-20191021113419-005d2eb1def4
go: downloading github.com/x-cray/logrus-prefixed-formatter v0.5.2
go: downloading golang.org/x/net v0.0.0-20210614182718-04defd469f4e
go: downloading golang.org/x/sys v0.0.0-20210423082822-04245dca01da
go: downloading github.com/modern-go/reflect2 v1.0.1
go: downloading github.com/mgutz/ansi v0.0.0-20200706080929-d51e80ef957d
go: downloading golang.org/x/crypto v0.0.0-20200622213623-75b288015ac9
go: downloading github.com/PuerkitoBio/goquery v1.5.1
go: downloading github.com/antchfx/htmlquery v1.2.3
go: downloading github.com/antchfx/xmlquery v1.2.4
go: downloading github.com/temoto/robotstxt v1.1.1
go: downloading google.golang.org/appengine v1.6.6
go: downloading github.com/mattn/go-colorable v0.0.9
go: downloading github.com/antchfx/xpath v1.1.8
go: downloading github.com/golang/groupcache v0.0.0-20200121045136-8c9f03a8e57e
go: downloading golang.org/x/text v0.3.6
go: downloading github.com/andybalholm/cascadia v1.2.0
go: downloading github.com/mattn/go-isatty v0.0.3
go: downloading google.golang.org/protobuf v1.26.0
[12:25:26] OK: gospider
[12:25:30] OK: getallurls
[12:25:30] SKIP: subzy
[12:25:30] SKIP: subjack
[12:25:30] SKIP: arjun
go: downloading github.com/Sh1Yo/x8 v4.3.0+incompatible
go: github.com/Sh1Yo/x8@latest: module github.com/Sh1Yo/x8@latest found (v4.3.0+incompatible), but does not contain package github.com/Sh1Yo/x8
[12:25:36] FAIL: x8 — go install failed
[12:25:36] SKIP: paramspider
[12:25:36] SKIP: ffuf
go: downloading github.com/epi052/feroxbuster v2.13.1+incompatible
go: github.com/epi052/feroxbuster@latest: module github.com/epi052/feroxbuster@latest found (v2.13.1+incompatible), but does not contain package github.com/epi052/feroxbuster
[12:26:12] FAIL: feroxbuster — go install failed
[12:26:12] SKIP: nuclei
go: downloading github.com/projectdiscovery/notify v1.0.7
go: downloading github.com/projectdiscovery/gologger v1.1.29
go: downloading github.com/projectdiscovery/goflags v0.1.64
go: downloading github.com/containrrr/shoutrrr v0.8.0
go: downloading github.com/projectdiscovery/utils v0.2.16
go: downloading github.com/acarl005/stripansi v0.0.0-20180116102854-5a71ef0e047d
go: downloading go.uber.org/ratelimit v0.3.0
go: downloading golang.org/x/exp v0.0.0-20230515195305-f3d0a9c9a5cc
go: downloading github.com/mholt/archiver/v3 v3.5.1
go: downloading github.com/Masterminds/sprig v2.22.0+incompatible
go: downloading github.com/oriser/regroup v0.0.0-20210730155327-fca8d7531263
go: downloading github.com/Masterminds/semver v1.5.0
go: downloading golang.org/x/oauth2 v0.11.0
go: downloading github.com/miekg/dns v1.1.56
go: downloading github.com/tidwall/gjson v1.14.3
go: downloading golang.org/x/sys v0.25.0
go: downloading github.com/benbjohnson/clock v1.3.0
go: downloading github.com/Masterminds/goutils v1.1.1
go: downloading github.com/huandu/xstrings v1.4.0
go: downloading github.com/imdario/mergo v0.3.15
go: downloading github.com/mitchellh/copystructure v1.2.0
go: downloading golang.org/x/crypto v0.27.0
go: downloading golang.org/x/term v0.24.0
go: downloading github.com/andybalholm/brotli v1.0.6
go: downloading github.com/klauspost/compress v1.17.4
go: downloading github.com/dsnet/compress v0.0.2-0.20210315054119-f66993602bf5
go: downloading github.com/klauspost/pgzip v1.2.5
go: downloading github.com/nwaples/rardecode v1.1.3
go: downloading github.com/pierrec/lz4/v4 v4.1.2
go: downloading github.com/xi2/xz v0.0.0-20171230120015-48954b6210f8
go: downloading github.com/ulikunitz/xz v0.5.11
go: downloading golang.org/x/net v0.29.0
go: downloading github.com/mitchellh/reflectwalk v1.0.2
go: downloading github.com/dlclark/regexp2 v1.11.4
[12:28:09] OK: notify
go: downloading github.com/projectdiscovery/interactsh v1.3.1
go: downloading github.com/mackerelio/go-osstat v0.2.6
go: downloading github.com/zcalusic/sysinfo v1.1.3
go: downloading golang.org/x/oauth2 v0.31.0
go: downloading github.com/caddyserver/certmagic v0.25.0
go: downloading github.com/libdns/libdns v1.1.1
go: downloading github.com/yuin/goldmark-emoji v1.0.6
go: downloading aead.dev/minisign v0.3.0
go: downloading github.com/alecthomas/chroma/v2 v2.20.0
go: downloading github.com/charmbracelet/x/ansi v0.10.1
go: downloading github.com/charmbracelet/x/exp/slice v0.0.0-20250908092851-c2208eb08494
go: downloading github.com/caddyserver/zerossl v0.1.3
go: downloading github.com/klauspost/cpuid/v2 v2.3.0
go: downloading github.com/mholt/acmez/v3 v3.1.3
go: downloading github.com/zeebo/blake3 v0.2.4
go: downloading go.uber.org/zap/exp v0.3.0
go: downloading github.com/golang/snappy v1.0.0
go: downloading github.com/tidwall/buntdb v1.3.2
go: downloading go.etcd.io/bbolt v1.4.3
go: downloading github.com/charmbracelet/colorprofile v0.3.2
go: downloading github.com/tidwall/btree v1.8.1
[12:29:04] OK: interactsh-client
go: downloading github.com/projectdiscovery/cvemap v1.0.0
go: downloading github.com/eiannone/keyboard v0.0.0-20220611211555-0d226195f203
go: downloading github.com/jedib0t/go-pretty/v6 v6.6.7
go: downloading github.com/projectdiscovery/utils v0.4.17
go: downloading github.com/projectdiscovery/retryablehttp-go v1.0.101
go: downloading golang.org/x/exp v0.0.0-20240119083558-1b970713d09a
go: downloading golang.org/x/term v0.29.0
go: downloading github.com/cheggaaa/pb/v3 v3.1.5
go: downloading github.com/miekg/dns v1.1.58
go: downloading github.com/tidwall/gjson v1.17.0
go: downloading golang.org/x/text v0.22.0
go: downloading golang.org/x/crypto v0.31.0
go: downloading aead.dev/minisign v0.2.1
go: downloading github.com/projectdiscovery/fastdialer v0.3.0
go: downloading golang.org/x/net v0.33.0
go: downloading github.com/fatih/color v1.16.0
go: downloading github.com/projectdiscovery/hmap v0.0.81
go: downloading github.com/projectdiscovery/networkpolicy v0.1.1
go: downloading github.com/projectdiscovery/retryabledns v1.0.94
go: downloading github.com/refraction-networking/utls v1.6.7
go: downloading github.com/zmap/zcrypto v0.0.0-20231219022726-a1f61fb1661c
go: downloading golang.org/x/sync v0.11.0
go: downloading github.com/gaissmai/bart v0.9.5
go: downloading go.etcd.io/bbolt v1.3.8
go: downloading github.com/weppos/publicsuffix-go v0.30.2-0.20230730094716-a20f9abcc222
[12:30:40] OK: cvemap
go: downloading github.com/projectdiscovery/utils v0.6.0
go: downloading github.com/projectdiscovery/gologger v1.1.59
go: downloading github.com/projectdiscovery/fastdialer v0.4.15
go: downloading github.com/projectdiscovery/retryablehttp-go v1.0.129
go: downloading github.com/zmap/zcrypto v0.0.0-20231106212110-94c8f62efae4
go: downloading github.com/projectdiscovery/hmap v0.0.95
go: downloading github.com/projectdiscovery/networkpolicy v0.1.27
go: downloading github.com/projectdiscovery/retryabledns v1.0.108
go: downloading golang.org/x/sync v0.14.0
go: downloading github.com/projectdiscovery/cdncheck v1.2.9
[12:31:31] OK: tlsx
[12:31:31] SKIP: naabu
[12:31:31] SKIP: dalfox
go: downloading github.com/tomnomnom/hacks v0.0.0-20250313125803-0138b904d86e
[12:31:37] OK: kxss
go: downloading github.com/swisskyrepo/SSRFmap v0.0.0-20250904074411-69103b27f589
go: github.com/swisskyrepo/SSRFmap@latest: module github.com/swisskyrepo/SSRFmap@latest found (v0.0.0-20250904074411-69103b27f589), but does not contain package github.com/swisskyrepo/SSRFmap
[12:32:50] FAIL: ssrfmap — go install failed
[12:32:50] SKIP: gowitness
[12:32:50] SKIP: rustscan
[12:32:50] SKIP: anew
[12:32:50] SKIP: qsreplace
go: downloading github.com/tomnomnom/gf v0.0.0-20200618134122-dcd4c361f9f5
[12:32:56] OK: gf
go: downloading github.com/tomnomnom/unfurl v0.4.3
go: downloading github.com/Cgboal/DomainParser v0.0.0-20210827145802-99068439e39f
[12:33:01] OK: unfurl

                     __     _
   ____  __  _______/ /__  (_)
  / __ \/ / / / ___/ / _ \/ /
 / / / / /_/ / /__/ /  __/ /
/_/ /_/\__,_/\___/_/\___/_/   v2.9.15

		projectdiscovery.io

[[34mINF[0m] Your current nuclei-templates v10.3.9 are outdated. Latest is v10.4.0
[12:33:47] OK: nuclei-templates
[12:33:48] OK: Symlinks created in /mnt/c/Users/User/Desktop/TeamCyberOps/tools
